2025-07-29 14:25:42,545:INFO:monitoring started
2025-07-29 14:25:43,551:INFO:CPU: 3.6%,Memory:47.0%
2025-07-29 14:26:44,625:INFO:CPU: 0.6%,Memory:47.0%
2025-07-29 14:27:45,705:INFO:CPU: 0.2%,Memory:47.1%
2025-07-29 14:28:46,774:INFO:CPU: 1.0%,Memory:47.0%
2025-07-29 14:31:24,248:INFO:monitoring started
2025-07-29 14:31:25,250:INFO:CPU: 4.3%,Memory:46.5%
2025-07-29 19:32:14,550:INFO:monitoring started
2025-07-29 19:32:15,555:INFO:CPU: 1.8%,Memory:47.3%
2025-07-29 19:32:23,368:INFO:monitoring started
2025-07-29 19:32:24,368:INFO:CPU: 0.8%,Memory:47.1%
2025-07-29 19:32:26,461:INFO:email alert send guru ji!!
2025-07-29 19:33:27,543:INFO:CPU: 7.4%,Memory:47.3%
2025-07-29 19:33:30,393:INFO:email alert send guru ji!!
2025-07-29 19:34:02,246:INFO:monitoring started
2025-07-29 19:34:03,252:INFO:CPU: 3.3%,Memory:47.2%
2025-07-29 19:34:05,444:INFO:email alert send guru ji!!
2025-07-29 19:35:06,537:INFO:CPU: 0.3%,Memory:46.9%
2025-07-29 19:35:08,647:INFO:email alert send guru ji!!
2025-07-29 19:36:09,727:INFO:CPU: 2.7%,Memory:47.3%
2025-07-29 19:36:11,666:INFO:email alert send guru ji!!
2025-07-29 19:37:12,689:INFO:CPU: 0.9%,Memory:47.1%
2025-07-29 19:37:15,572:INFO:email alert send guru ji!!
2025-07-29 19:37:50,811:INFO:monitoring started
2025-07-29 19:37:51,816:INFO:CPU: 0.7%,Memory:47.5%
2025-07-29 19:37:54,678:INFO:email alert send guru ji!!
2025-07-29 19:38:16,656:INFO:CPU: 1.2%,Memory:47.4%
2025-07-29 19:38:18,738:INFO:email alert send guru ji!!
2025-07-29 19:38:55,783:INFO:CPU: 0.2%,Memory:47.3%
2025-07-29 19:38:58,779:INFO:email alert send guru ji!!
2025-07-29 19:39:19,844:INFO:CPU: 0.2%,Memory:47.3%
2025-07-29 19:39:22,262:INFO:email alert send guru ji!!
2025-07-29 19:39:59,786:INFO:CPU: 6.7%,Memory:47.3%
2025-07-29 19:40:02,282:INFO:email alert send guru ji!!
2025-07-29 19:40:23,287:INFO:CPU: 0.4%,Memory:47.4%
2025-07-29 19:40:25,225:INFO:email alert send guru ji!!
2025-07-29 19:40:42,311:INFO:monitoring started
2025-07-29 19:40:43,317:INFO:CPU: 3.6%,Memory:47.5%
2025-07-29 19:40:50,954:INFO:email alert send guru ji!!
2025-07-29 19:41:03,313:INFO:CPU: 2.3%,Memory:47.6%
2025-07-29 19:41:05,691:INFO:email alert send guru ji!!
2025-07-29 19:41:52,059:INFO:CPU: 2.0%,Memory:47.6%
2025-07-29 19:41:59,361:INFO:email alert send guru ji!!
2025-07-29 19:42:06,773:INFO:CPU: 3.2%,Memory:47.4%
2025-07-29 19:42:08,920:INFO:email alert send guru ji!!
2025-07-29 19:43:10,026:INFO:CPU: 2.4%,Memory:47.2%
2025-07-29 19:43:12,510:INFO:email alert send guru ji!!
2025-07-29 19:44:13,546:INFO:CPU: 2.7%,Memory:49.1%
2025-07-29 19:44:16,244:INFO:email alert send guru ji!!
2025-07-29 19:45:17,347:INFO:CPU: 5.8%,Memory:49.0%
2025-07-29 19:45:19,640:INFO:email alert send guru ji!!
2025-07-29 19:46:20,729:INFO:CPU: 0.5%,Memory:47.8%
2025-07-29 19:46:22,682:INFO:email alert send guru ji!!
2025-07-29 19:47:23,713:INFO:CPU: 9.1%,Memory:47.9%
2025-07-29 19:47:26,072:INFO:email alert send guru ji!!
2025-07-29 19:48:27,174:INFO:CPU: 8.2%,Memory:47.6%
2025-07-29 19:48:29,355:INFO:email alert send guru ji!!
2025-07-29 19:49:30,461:INFO:CPU: 0.6%,Memory:47.4%
2025-07-29 19:49:32,526:INFO:email alert send guru ji!!
2025-07-29 19:50:04,024:INFO:monitoring started
2025-07-29 19:50:05,029:INFO:CPU: 7.9%,Memory:47.9%
2025-07-29 19:50:06,978:INFO:email alert send guru ji!!
2025-07-29 19:50:33,632:INFO:CPU: 0.8%,Memory:48.4%
2025-07-29 19:50:35,794:INFO:email alert send guru ji!!
2025-07-29 19:51:08,084:INFO:CPU: 7.1%,Memory:49.8%
2025-07-29 19:51:10,048:INFO:email alert send guru ji!!
2025-07-29 19:51:36,896:INFO:CPU: 5.7%,Memory:49.2%
2025-07-29 19:51:39,365:INFO:email alert send guru ji!!
2025-07-29 19:52:11,154:INFO:CPU: 3.3%,Memory:48.5%
2025-07-29 19:52:13,023:INFO:email alert send guru ji!!
2025-07-29 19:52:40,471:INFO:CPU: 0.1%,Memory:48.8%
2025-07-29 19:52:43,418:ERROR:email failed to send (535, b'5.7.8 Username and Password not accepted. For more information, go to\n5.7.8  https://support.google.com/mail/?p=BadCredentials d9443c01a7336-240293ab07dsm48365085ad.155 - gsmtp')
2025-07-29 19:53:14,033:INFO:CPU: 7.5%,Memory:49.1%
2025-07-29 19:53:17,041:ERROR:email failed to send (535, b'5.7.8 Username and Password not accepted. For more information, go to\n5.7.8  https://support.google.com/mail/?p=BadCredentials d9443c01a7336-240530a8c78sm30799235ad.163 - gsmtp')
2025-07-29 19:53:44,488:INFO:CPU: 1.0%,Memory:48.9%
2025-07-29 19:53:46,065:INFO:monitoring started
2025-07-29 19:53:47,071:INFO:CPU: 3.9%,Memory:48.7%
2025-07-29 19:53:47,426:ERROR:email failed to send (535, b'5.7.8 Username and Password not accepted. For more information, go to\n5.7.8  https://support.google.com/mail/?p=BadCredentials 41be03b00d2f7-b420df76dd8sm1697427a12.19 - gsmtp')
2025-07-29 19:53:50,168:ERROR:email failed to send (535, b'5.7.8 Username and Password not accepted. For more information, go to\n5.7.8  https://support.google.com/mail/?p=BadCredentials d9443c01a7336-2407087eeb0sm18968335ad.87 - gsmtp')
2025-07-29 19:54:48,527:INFO:CPU: 2.3%,Memory:48.7%
2025-07-29 19:54:51,221:INFO:CPU: 2.9%,Memory:48.8%
2025-07-29 19:54:51,582:ERROR:email failed to send (535, b'5.7.8 Username and Password not accepted. For more information, go to\n5.7.8  https://support.google.com/mail/?p=BadCredentials d9443c01a7336-2403c96e4cfsm41556525ad.25 - gsmtp')
2025-07-29 19:54:54,543:ERROR:email failed to send (535, b'5.7.8 Username and Password not accepted. For more information, go to\n5.7.8  https://support.google.com/mail/?p=BadCredentials d9443c01a7336-23fbe4fd62dsm80945165ad.111 - gsmtp')
2025-07-29 19:55:52,657:INFO:CPU: 0.8%,Memory:48.8%
2025-07-29 19:55:55,649:INFO:CPU: 8.7%,Memory:49.0%
2025-07-29 19:55:55,673:ERROR:email failed to send (535, b'5.7.8 Username and Password not accepted. For more information, go to\n5.7.8  https://support.google.com/mail/?p=BadCredentials d9443c01a7336-23fbe564083sm79573675ad.186 - gsmtp')
2025-07-29 19:55:58,390:ERROR:email failed to send (535, b'5.7.8 Username and Password not accepted. For more information, go to\n5.7.8  https://support.google.com/mail/?p=BadCredentials d2e1a72fcca58-7640b4c86afsm7711666b3a.115 - gsmtp')
2025-07-29 19:56:56,733:INFO:CPU: 1.0%,Memory:48.5%
2025-07-29 19:56:59,751:ERROR:email failed to send (535, b'5.7.8 Username and Password not accepted. For more information, go to\n5.7.8  https://support.google.com/mail/?p=BadCredentials 98e67ed59e1d1-31f328ce081sm1811610a91.21 - gsmtp')
2025-07-29 19:58:00,826:INFO:CPU: 9.9%,Memory:49.1%
2025-07-29 19:58:03,561:ERROR:email failed to send (535, b'5.7.8 Username and Password not accepted. For more information, go to\n5.7.8  https://support.google.com/mail/?p=BadCredentials 41be03b00d2f7-b3f7f67b3b0sm7314834a12.44 - gsmtp')
2025-07-29 19:59:04,667:INFO:CPU: 2.2%,Memory:48.1%
2025-07-29 19:59:07,813:ERROR:email failed to send (535, b'5.7.8 Username and Password not accepted. For more information, go to\n5.7.8  https://support.google.com/mail/?p=BadCredentials 98e67ed59e1d1-31e6635efb8sm12271141a91.19 - gsmtp')
2025-07-29 20:00:08,870:INFO:CPU: 0.9%,Memory:47.8%
2025-07-29 20:00:12,201:ERROR:email failed to send (535, b'5.7.8 Username and Password not accepted. For more information, go to\n5.7.8  https://support.google.com/mail/?p=BadCredentials d2e1a72fcca58-7640863506dsm7761074b3a.18 - gsmtp')
2025-07-29 20:00:14,616-INFO-monitoring started
2025-07-29 20:00:15,621-INFO-CPU: 6.5%,Memory:48.1%
2025-07-29 20:00:20,263-INFO-email alert send guru ji!!
2025-07-29 20:01:13,275:INFO:CPU: 0.1%,Memory:48.0%
2025-07-29 20:01:16,537:ERROR:email failed to send (535, b'5.7.8 Username and Password not accepted. For more information, go to\n5.7.8  https://support.google.com/mail/?p=BadCredentials d2e1a72fcca58-7640b2dcd15sm8205148b3a.103 - gsmtp')
2025-07-29 20:02:17,629:INFO:CPU: 0.3%,Memory:48.0%
2025-07-29 20:02:20,556:ERROR:email failed to send (535, b'5.7.8 Username and Password not accepted. For more information, go to\n5.7.8  https://support.google.com/mail/?p=BadCredentials d9443c01a7336-24071bddacesm18004415ad.1 - gsmtp')
2025-07-29 20:03:21,661:INFO:CPU: 4.4%,Memory:48.0%
2025-07-29 20:03:25,416:ERROR:email failed to send (535, b'5.7.8 Username and Password not accepted. For more information, go to\n5.7.8  https://support.google.com/mail/?p=BadCredentials 98e67ed59e1d1-31f328ce8f5sm1824422a91.22 - gsmtp')
2025-07-29 20:04:26,502:INFO:CPU: 0.3%,Memory:48.3%
2025-07-29 20:04:29,739:ERROR:email failed to send (535, b'5.7.8 Username and Password not accepted. For more information, go to\n5.7.8  https://support.google.com/mail/?p=BadCredentials d9443c01a7336-23ff7044135sm62242885ad.71 - gsmtp')
2025-07-29 20:05:30,828:INFO:CPU: 0.7%,Memory:48.1%
2025-07-29 20:05:34,076:ERROR:email failed to send (535, b'5.7.8 Username and Password not accepted. For more information, go to\n5.7.8  https://support.google.com/mail/?p=BadCredentials d9443c01a7336-24067035e9esm22457895ad.102 - gsmtp')
2025-07-29 20:06:35,182:INFO:CPU: 0.2%,Memory:48.0%
2025-07-29 20:06:38,074:ERROR:email failed to send (535, b'5.7.8 Username and Password not accepted. For more information, go to\n5.7.8  https://support.google.com/mail/?p=BadCredentials d2e1a72fcca58-76408c02206sm8337824b3a.32 - gsmtp')
2025-07-29 20:07:39,110:INFO:CPU: 0.8%,Memory:48.2%
2025-07-29 20:07:42,180:ERROR:email failed to send (535, b'5.7.8 Username and Password not accepted. For more information, go to\n5.7.8  https://support.google.com/mail/?p=BadCredentials d2e1a72fcca58-76408c02635sm8373576b3a.41 - gsmtp')
2025-07-29 20:08:43,239:INFO:CPU: 0.2%,Memory:48.7%
2025-07-29 20:08:46,557:ERROR:email failed to send (535, b'5.7.8 Username and Password not accepted. For more information, go to\n5.7.8  https://support.google.com/mail/?p=BadCredentials d9443c01a7336-23fc1adcd24sm77671725ad.167 - gsmtp')
2025-07-29 20:09:47,653:INFO:CPU: 4.6%,Memory:48.8%
2025-07-29 20:09:50,807:ERROR:email failed to send (535, b'5.7.8 Username and Password not accepted. For more information, go to\n5.7.8  https://support.google.com/mail/?p=BadCredentials 98e67ed59e1d1-31ea8c1770dsm7202250a91.36 - gsmtp')
2025-07-29 20:10:51,830:INFO:CPU: 0.7%,Memory:48.6%
2025-07-29 20:10:55,162:ERROR:email failed to send (535, b'5.7.8 Username and Password not accepted. For more information, go to\n5.7.8  https://support.google.com/mail/?p=BadCredentials d9443c01a7336-2403e44cb15sm40480885ad.0 - gsmtp')
2025-07-29 20:11:56,242:INFO:CPU: 0.3%,Memory:48.6%
2025-07-29 20:11:59,862:ERROR:email failed to send (535, b'5.7.8 Username and Password not accepted. For more information, go to\n5.7.8  https://support.google.com/mail/?p=BadCredentials d9443c01a7336-24014fb8236sm53977165ad.17 - gsmtp')
2025-07-29 20:13:00,894:INFO:CPU: 2.8%,Memory:48.8%
2025-07-29 20:13:04,104:ERROR:email failed to send (535, b'5.7.8 Username and Password not accepted. For more information, go to\n5.7.8  https://support.google.com/mail/?p=BadCredentials d9443c01a7336-24071bddcfcsm18201445ad.4 - gsmtp')
2025-07-29 20:14:05,212:INFO:CPU: 1.1%,Memory:48.6%
2025-07-29 20:14:08,353:ERROR:email failed to send (535, b'5.7.8 Username and Password not accepted. For more information, go to\n5.7.8  https://support.google.com/mail/?p=BadCredentials d9443c01a7336-24058bbb554sm28452085ad.50 - gsmtp')
2025-07-29 20:15:09,414:INFO:CPU: 1.6%,Memory:48.8%
2025-07-29 20:15:12,672:ERROR:email failed to send (535, b'5.7.8 Username and Password not accepted. For more information, go to\n5.7.8  https://support.google.com/mail/?p=BadCredentials d9443c01a7336-23fd3fdf1f2sm73695695ad.123 - gsmtp')
2025-07-29 20:16:13,779:INFO:CPU: 0.9%,Memory:48.0%
2025-07-29 20:16:17,401:ERROR:email failed to send (535, b'5.7.8 Username and Password not accepted. For more information, go to\n5.7.8  https://support.google.com/mail/?p=BadCredentials 41be03b00d2f7-b3f7f58e55fsm7305484a12.28 - gsmtp')
2025-07-29 20:17:18,425:INFO:CPU: 0.3%,Memory:47.8%
2025-07-29 20:17:22,628:ERROR:email failed to send (535, b'5.7.8 Username and Password not accepted. For more information, go to\n5.7.8  https://support.google.com/mail/?p=BadCredentials 98e67ed59e1d1-31f328a0ad0sm1897513a91.3 - gsmtp')
2025-07-29 20:18:23,663:INFO:CPU: 1.2%,Memory:47.7%
2025-07-29 20:18:26,782:ERROR:email failed to send (535, b'5.7.8 Username and Password not accepted. For more information, go to\n5.7.8  https://support.google.com/mail/?p=BadCredentials d9443c01a7336-23fbe514b59sm80059335ad.128 - gsmtp')
2025-07-29 20:19:27,846:INFO:CPU: 0.3%,Memory:47.7%
2025-07-29 20:19:31,024:ERROR:email failed to send (535, b'5.7.8 Username and Password not accepted. For more information, go to\n5.7.8  https://support.google.com/mail/?p=BadCredentials d9443c01a7336-24007d9a31bsm58443985ad.103 - gsmtp')
2025-07-29 20:20:32,089:INFO:CPU: 1.3%,Memory:47.8%
2025-07-29 20:20:34,957:ERROR:email failed to send (535, b'5.7.8 Username and Password not accepted. For more information, go to\n5.7.8  https://support.google.com/mail/?p=BadCredentials d9443c01a7336-240764eeb18sm16258205ad.110 - gsmtp')
2025-07-29 20:21:36,064:INFO:CPU: 1.2%,Memory:47.8%
2025-07-29 20:21:39,911:ERROR:email failed to send (535, b'5.7.8 Username and Password not accepted. For more information, go to\n5.7.8  https://support.google.com/mail/?p=BadCredentials d2e1a72fcca58-7640adfbf87sm8337575b3a.71 - gsmtp')
2025-07-29 20:22:40,946:INFO:CPU: 0.4%,Memory:47.4%
2025-07-29 20:22:44,325:ERROR:email failed to send (535, b'5.7.8 Username and Password not accepted. For more information, go to\n5.7.8  https://support.google.com/mail/?p=BadCredentials d2e1a72fcca58-76a4e747407sm952695b3a.99 - gsmtp')
2025-07-29 20:23:45,432:INFO:CPU: 0.9%,Memory:47.5%
2025-07-29 20:23:48,819:ERROR:email failed to send (535, b'5.7.8 Username and Password not accepted. For more information, go to\n5.7.8  https://support.google.com/mail/?p=BadCredentials d2e1a72fcca58-7640b2dcd15sm8249097b3a.103 - gsmtp')
2025-07-29 20:24:49,907:INFO:CPU: 0.4%,Memory:47.6%
2025-07-29 20:24:53,045:ERROR:email failed to send (535, b'5.7.8 Username and Password not accepted. For more information, go to\n5.7.8  https://support.google.com/mail/?p=BadCredentials d2e1a72fcca58-7640b4c8762sm8325756b3a.117 - gsmtp')
2025-07-29 20:25:54,151:INFO:CPU: 0.5%,Memory:47.6%
2025-07-29 20:25:58,617:ERROR:email failed to send (535, b'5.7.8 Username and Password not accepted. For more information, go to\n5.7.8  https://support.google.com/mail/?p=BadCredentials 98e67ed59e1d1-31f328a0b21sm1885942a91.4 - gsmtp')
2025-07-29 20:26:59,651:INFO:CPU: 0.3%,Memory:48.1%
2025-07-29 20:27:04,257:ERROR:email failed to send (535, b'5.7.8 Username and Password not accepted. For more information, go to\n5.7.8  https://support.google.com/mail/?p=BadCredentials d2e1a72fcca58-76408c02874sm7805564b3a.51 - gsmtp')
2025-07-29 20:57:34,920:INFO:CPU: 3.8%,Memory:48.5%
2025-07-29 20:57:38,605:ERROR:email failed to send (535, b'5.7.8 Username and Password not accepted. For more information, go to\n5.7.8  https://support.google.com/mail/?p=BadCredentials d2e1a72fcca58-7640adfc111sm8320552b3a.63 - gsmtp')
2025-07-29 20:58:39,659:INFO:CPU: 0.3%,Memory:48.6%
2025-07-29 20:58:43,007:ERROR:email failed to send (535, b'5.7.8 Username and Password not accepted. For more information, go to\n5.7.8  https://support.google.com/mail/?p=BadCredentials d2e1a72fcca58-7640adfe772sm8407741b3a.72 - gsmtp')
2025-07-29 20:59:44,115:INFO:CPU: 1.1%,Memory:48.4%
2025-07-29 20:59:46,926:ERROR:email failed to send (535, b'5.7.8 Username and Password not accepted. For more information, go to\n5.7.8  https://support.google.com/mail/?p=BadCredentials d2e1a72fcca58-7640b4c850bsm7857131b3a.112 - gsmtp')
2025-07-29 21:00:48,032:INFO:CPU: 2.4%,Memory:48.5%
2025-07-29 21:00:51,926:ERROR:email failed to send (535, b'5.7.8 Username and Password not accepted. For more information, go to\n5.7.8  https://support.google.com/mail/?p=BadCredentials d9443c01a7336-24009e53876sm58370755ad.2 - gsmtp')
2025-07-29 21:01:53,016:INFO:CPU: 5.2%,Memory:48.5%
2025-07-29 21:01:56,266:ERROR:email failed to send (535, b'5.7.8 Username and Password not accepted. For more information, go to\n5.7.8  https://support.google.com/mail/?p=BadCredentials d9443c01a7336-23ff71916f0sm62954305ad.147 - gsmtp')
2025-07-29 21:02:57,323:INFO:CPU: 1.3%,Memory:48.1%
2025-07-29 21:03:00,274:ERROR:email failed to send (535, b'5.7.8 Username and Password not accepted. For more information, go to\n5.7.8  https://support.google.com/mail/?p=BadCredentials d2e1a72fcca58-7640b8b0c60sm8415050b3a.126 - gsmtp')
2025-07-29 21:04:01,317:INFO:CPU: 0.4%,Memory:48.3%
2025-07-29 21:04:04,564:ERROR:email failed to send (535, b'5.7.8 Username and Password not accepted. For more information, go to\n5.7.8  https://support.google.com/mail/?p=BadCredentials d9443c01a7336-23fbe30be01sm82776525ad.39 - gsmtp')
2025-07-29 21:05:05,580:INFO:CPU: 0.7%,Memory:48.3%
2025-07-29 21:05:08,875:ERROR:email failed to send (535, b'5.7.8 Username and Password not accepted. For more information, go to\n5.7.8  https://support.google.com/mail/?p=BadCredentials d2e1a72fcca58-7640b8b2868sm7855005b3a.128 - gsmtp')
2025-07-29 21:06:09,959:INFO:CPU: 1.2%,Memory:48.5%
2025-07-29 21:06:13,382:ERROR:email failed to send (535, b'5.7.8 Username and Password not accepted. For more information, go to\n5.7.8  https://support.google.com/mail/?p=BadCredentials 98e67ed59e1d1-31f22c0d506sm2899554a91.20 - gsmtp')
2025-08-19 14:21:21,308 - INFO - Monitoring started...
2025-08-19 14:21:22,311 - INFO - CPU: 6.2%, Memory: 90.6%
2025-08-19 14:21:24,778 - ERROR - Failed to send email: (535, b'5.7.8 Username and Password not accepted. For more information, go to\n5.7.8  https://support.google.com/mail/?p=BadCredentials 41be03b00d2f7-b475e5c9baasm420524a12.38 - gsmtp')
2025-08-19 14:22:25,885 - INFO - CPU: 1.8%, Memory: 90.1%
2025-08-19 14:22:28,979 - ERROR - Failed to send email: (535, b'5.7.8 Username and Password not accepted. For more information, go to\n5.7.8  https://support.google.com/mail/?p=BadCredentials d9443c01a7336-2446d552945sm102161085ad.139 - gsmtp')
2025-08-19 14:22:37,414 - INFO - Monitoring stopped.
2025-08-19 14:22:45,669 - INFO - Monitoring started...
2025-08-19 14:22:46,671 - INFO - CPU: 7.8%, Memory: 90.2%
2025-08-19 14:22:49,362 - ERROR - Failed to send email: (535, b'5.7.8 Username and Password not accepted. For more information, go to\n5.7.8  https://support.google.com/mail/?p=BadCredentials 41be03b00d2f7-b472d5a6f9bsm10043939a12.8 - gsmtp')
2025-08-19 14:23:50,418 - INFO - CPU: 1.9%, Memory: 90.4%
2025-08-19 14:23:52,757 - ERROR - Failed to send email: (535, b'5.7.8 Username and Password not accepted. For more information, go to\n5.7.8  https://support.google.com/mail/?p=BadCredentials d9443c01a7336-2446d59da39sm102188805ad.163 - gsmtp')
2025-08-19 14:24:04,764 - INFO - Monitoring stopped.
2025-08-19 14:25:31,804 - INFO - Monitoring started...
2025-08-19 14:25:32,806 - INFO - CPU: 6.4%, Memory: 91.2%
2025-08-19 14:25:35,335 - ERROR - Failed to send email: (535, b'5.7.8 Username and Password not accepted. For more information, go to\n5.7.8  https://support.google.com/mail/?p=BadCredentials 98e67ed59e1d1-32331123409sm13206413a91.20 - gsmtp')
2025-08-19 14:26:36,415 - INFO - CPU: 6.8%, Memory: 90.9%
2025-08-19 14:26:38,793 - ERROR - Failed to send email: (535, b'5.7.8 Username and Password not accepted. For more information, go to\n5.7.8  https://support.google.com/mail/?p=BadCredentials 41be03b00d2f7-b472d5d7070sm9954361a12.15 - gsmtp')
2025-08-19 14:27:39,881 - INFO - CPU: 7.8%, Memory: 91.8%
2025-08-19 14:27:42,466 - ERROR - Failed to send email: (535, b'5.7.8 Username and Password not accepted. For more information, go to\n5.7.8  https://support.google.com/mail/?p=BadCredentials d9443c01a7336-2446cb0f007sm102484695ad.69 - gsmtp')
2025-08-19 14:27:46,093 - INFO - Monitoring stopped.
2025-08-19 14:27:46,275 - INFO - Monitoring started...
2025-08-19 14:27:47,277 - INFO - CPU: 6.5%, Memory: 91.4%
2025-08-19 14:27:49,619 - ERROR - Failed to send email: (535, b'5.7.8 Username and Password not accepted. For more information, go to\n5.7.8  https://support.google.com/mail/?p=BadCredentials d9443c01a7336-2446ca9d051sm102869615ad.11 - gsmtp')
2025-08-19 14:28:50,725 - INFO - CPU: 2.0%, Memory: 90.6%
2025-08-19 14:28:53,211 - ERROR - Failed to send email: (535, b'5.7.8 Username and Password not accepted. For more information, go to\n5.7.8  https://support.google.com/mail/?p=BadCredentials 98e67ed59e1d1-32330f83626sm13698838a91.2 - gsmtp')
2025-08-19 14:29:28,510 - INFO - Monitoring stopped.
2025-08-19 14:29:28,700 - INFO - Monitoring started...
2025-08-19 14:29:29,702 - INFO - CPU: 7.1%, Memory: 91.1%
2025-08-19 14:29:34,050 - INFO - Email alert sent successfully.
2025-08-19 14:29:40,071 - INFO - CPU: 2.3%, Memory: 91.0%
2025-08-19 14:29:44,086 - INFO - Email alert sent successfully.
2025-08-19 14:29:50,097 - INFO - CPU: 2.3%, Memory: 90.9%
2025-08-19 14:29:54,428 - INFO - Email alert sent successfully.
2025-08-19 14:30:00,456 - INFO - CPU: 3.3%, Memory: 90.8%
2025-08-19 14:30:05,067 - INFO - Email alert sent successfully.
2025-08-19 14:30:07,417 - INFO - Monitoring stopped.
